2024-04-06 11:42:01:421 - [32minfo[39m - [32mServer working on: http://localhost:3000[39m
2024-04-06 11:42:17:4217 - [32minfo[39m - [32mServer working on: http://localhost:3000[39m
2024-04-06 11:42:32:4232 - [32minfo[39m - [32mBanco de dados conectado com sucesso![39m
2024-04-06 11:42:32:4232 - [32minfo[39m - [32mServer working on: http://localhost:3000[39m
2024-04-06 11:42:49:4249 - [32minfo[39m - [32mBanco de dados conectado com sucesso![39m
2024-04-06 11:42:49:4249 - [32minfo[39m - [32mServer working on: http://localhost:3000[39m
2024-04-06 11:42:59:4259 - [32minfo[39m - [32mBanco de dados conectado com sucesso![39m
2024-04-06 11:42:59:4259 - [32minfo[39m - [32mServer working on: http://localhost:3000[39m
2024-04-06 11:43:25:4325 - [32minfo[39m - [32mBanco de dados conectado com sucesso![39m
2024-04-06 11:43:25:4325 - [32minfo[39m - [32mServer working on: http://localhost:3000[39m
2024-04-06 11:43:33:4333 - [31merror[39m - [31mNão foi possível se conectar ao banco de dados[39m
2024-04-06 11:43:33:4333 - [31merror[39m - [31mErro: MongoParseError: Invalid scheme, expected connection string to start with "mongodb://" or "mongodb+srv://"[39m
2024-04-06 11:43:33:4333 - [32minfo[39m - [32mServer working on: http://localhost:3000[39m
2024-04-06 11:43:48:4348 - [32minfo[39m - [32mBanco de dados conectado com sucesso![39m
2024-04-06 11:43:48:4348 - [32minfo[39m - [32mServer working on: http://localhost:3000[39m
2024-04-06 11:44:45:4445 - [32minfo[39m - [32mBanco de dados conectado com sucesso![39m
2024-04-06 11:44:45:4445 - [32minfo[39m - [32mServer working on: http://localhost:3000[39m
2024-04-06 11:44:47:4447 - [32minfo[39m - [32mBanco de dados conectado com sucesso![39m
2024-04-06 11:44:47:4447 - [32minfo[39m - [32mServer working on: http://localhost:3000[39m
2024-04-06 11:44:49:4449 - [32minfo[39m - [32mBanco de dados conectado com sucesso![39m
2024-04-06 11:44:49:4449 - [32minfo[39m - [32mServer working on: http://localhost:3000[39m
2024-04-06 11:45:48:4548 - [32minfo[39m - [32mBanco de dados conectado com sucesso![39m
2024-04-06 11:45:48:4548 - [32minfo[39m - [32mServer working on: http://localhost:3000[39m
2024-04-11 20:42:32:4232 - [32minfo[39m - [32mBanco de dados conectado com sucesso![39m
2024-04-11 20:42:32:4232 - [32minfo[39m - [32mServer working on: http://localhost:3000[39m
2024-04-13 21:40:41:4041 - [32minfo[39m - [32mBanco de dados conectado com sucesso![39m
2024-04-13 21:40:41:4041 - [32minfo[39m - [32mServer working on: http://localhost:3000[39m
2024-04-13 21:48:23:4823 - [32minfo[39m - [32mBanco de dados conectado com sucesso![39m
2024-04-13 21:48:23:4823 - [32minfo[39m - [32mServer working on: http://localhost:3000[39m
2024-04-13 22:02:48:248 - [32minfo[39m - [32mBanco de dados conectado com sucesso![39m
2024-04-13 22:02:48:248 - [32minfo[39m - [32mServer working on: http://localhost:3000[39m
2024-04-13 22:02:54:254 - [32minfo[39m - [32mBanco de dados conectado com sucesso![39m
2024-04-13 22:02:54:254 - [32minfo[39m - [32mServer working on: http://localhost:3000[39m
2024-04-13 22:02:58:258 - [32minfo[39m - [32mBanco de dados conectado com sucesso![39m
2024-04-13 22:02:58:258 - [32minfo[39m - [32mServer working on: http://localhost:3000[39m
2024-04-13 22:03:10:310 - [32minfo[39m - [32mBanco de dados conectado com sucesso![39m
2024-04-13 22:03:10:310 - [32minfo[39m - [32mServer working on: http://localhost:3000[39m
2024-04-13 22:03:44:344 - [32minfo[39m - [32mBanco de dados conectado com sucesso![39m
2024-04-13 22:03:44:344 - [32minfo[39m - [32mServer working on: http://localhost:3000[39m
2024-04-13 22:03:58:358 - [32minfo[39m - [32mBanco de dados conectado com sucesso![39m
2024-04-13 22:03:58:358 - [32minfo[39m - [32mServer working on: http://localhost:3000[39m
2024-04-13 22:04:06:46 - [32minfo[39m - [32mBanco de dados conectado com sucesso![39m
2024-04-13 22:04:06:46 - [32minfo[39m - [32mServer working on: http://localhost:3000[39m
2024-04-13 22:04:33:433 - [32minfo[39m - [32mBanco de dados conectado com sucesso![39m
2024-04-13 22:04:33:433 - [32minfo[39m - [32mServer working on: http://localhost:3000[39m
2024-04-13 22:04:36:436 - [32minfo[39m - [32mBanco de dados conectado com sucesso![39m
2024-04-13 22:04:36:436 - [32minfo[39m - [32mServer working on: http://localhost:3000[39m
2024-04-13 22:04:48:448 - [32minfo[39m - [32mBanco de dados conectado com sucesso![39m
2024-04-13 22:04:48:448 - [32minfo[39m - [32mServer working on: http://localhost:3000[39m
2024-04-13 22:04:53:453 - [32minfo[39m - [32mBanco de dados conectado com sucesso![39m
2024-04-13 22:04:53:453 - [32minfo[39m - [32mServer working on: http://localhost:3000[39m
2024-04-13 22:04:57:457 - [32minfo[39m - [32mBanco de dados conectado com sucesso![39m
2024-04-13 22:04:57:457 - [32minfo[39m - [32mServer working on: http://localhost:3000[39m
2024-04-13 22:06:13:613 - [35mhttp[39m - [35mGET /api/test 200 14 - 2.319 ms[39m
[35m[39m
2024-04-13 22:06:52:652 - [35mhttp[39m - [35mGET /api/test 304 - - 1.130 ms[39m
[35m[39m
2024-04-13 22:06:59:659 - [35mhttp[39m - [35mGET /api/test 304 - - 1.073 ms[39m
[35m[39m
2024-04-13 22:23:32:2332 - [32minfo[39m - [32mBanco de dados conectado com sucesso![39m
2024-04-13 22:23:32:2332 - [32minfo[39m - [32mServer working on: http://localhost:3000[39m
2024-04-13 22:23:38:2338 - [32minfo[39m - [32mBanco de dados conectado com sucesso![39m
2024-04-13 22:23:38:2338 - [32minfo[39m - [32mServer working on: http://localhost:3000[39m
2024-04-13 22:23:52:2352 - [32minfo[39m - [32mBanco de dados conectado com sucesso![39m
2024-04-13 22:23:52:2352 - [32minfo[39m - [32mServer working on: http://localhost:3000[39m
2024-04-13 22:23:59:2359 - [32minfo[39m - [32mBanco de dados conectado com sucesso![39m
2024-04-13 22:23:59:2359 - [32minfo[39m - [32mServer working on: http://localhost:3000[39m
2024-04-13 22:25:51:2551 - [35mhttp[39m - [35mPOST /api/movie 200 22 - 2.218 ms[39m
[35m[39m
2024-04-13 22:26:19:2619 - [35mhttp[39m - [35mGET /api/movie 404 148 - 4.192 ms[39m
[35m[39m
2024-04-13 22:26:28:2628 - [35mhttp[39m - [35mGET /api/movie 404 148 - 3.182 ms[39m
[35m[39m
2024-04-13 22:27:19:2719 - [32minfo[39m - [32mBanco de dados conectado com sucesso![39m
2024-04-13 22:27:19:2719 - [32minfo[39m - [32mServer working on: http://localhost:3000[39m
2024-04-13 22:27:22:2722 - [32minfo[39m - [32mBanco de dados conectado com sucesso![39m
2024-04-13 22:27:22:2722 - [32minfo[39m - [32mServer working on: http://localhost:3000[39m
2024-04-13 22:27:32:2732 - [32minfo[39m - [32mBanco de dados conectado com sucesso![39m
2024-04-13 22:27:32:2732 - [32minfo[39m - [32mServer working on: http://localhost:3000[39m
2024-04-13 22:27:53:2753 - [32minfo[39m - [32mBanco de dados conectado com sucesso![39m
2024-04-13 22:27:53:2753 - [32minfo[39m - [32mServer working on: http://localhost:3000[39m
2024-04-13 22:27:56:2756 - [32minfo[39m - [32mBanco de dados conectado com sucesso![39m
2024-04-13 22:27:56:2756 - [32minfo[39m - [32mServer working on: http://localhost:3000[39m
2024-04-13 22:28:03:283 - [32minfo[39m - [32mBanco de dados conectado com sucesso![39m
2024-04-13 22:28:03:283 - [32minfo[39m - [32mServer working on: http://localhost:3000[39m
2024-04-13 22:28:08:288 - [32minfo[39m - [32mBanco de dados conectado com sucesso![39m
2024-04-13 22:28:08:288 - [32minfo[39m - [32mServer working on: http://localhost:3000[39m
2024-04-13 22:28:11:2811 - [32minfo[39m - [32mBanco de dados conectado com sucesso![39m
2024-04-13 22:28:11:2811 - [32minfo[39m - [32mServer working on: http://localhost:3000[39m
2024-04-13 22:28:16:2816 - [32minfo[39m - [32mBanco de dados conectado com sucesso![39m
2024-04-13 22:28:16:2816 - [32minfo[39m - [32mServer working on: http://localhost:3000[39m
2024-04-13 22:28:29:2829 - [32minfo[39m - [32mBanco de dados conectado com sucesso![39m
2024-04-13 22:28:29:2829 - [32minfo[39m - [32mServer working on: http://localhost:3000[39m
2024-04-13 22:28:32:2832 - [32minfo[39m - [32mBanco de dados conectado com sucesso![39m
2024-04-13 22:28:32:2832 - [32minfo[39m - [32mServer working on: http://localhost:3000[39m
2024-04-13 22:28:33:2833 - [32minfo[39m - [32mBanco de dados conectado com sucesso![39m
2024-04-13 22:28:33:2833 - [32minfo[39m - [32mServer working on: http://localhost:3000[39m
2024-04-13 22:28:37:2837 - [32minfo[39m - [32mBanco de dados conectado com sucesso![39m
2024-04-13 22:28:37:2837 - [32minfo[39m - [32mServer working on: http://localhost:3000[39m
2024-04-13 22:28:40:2840 - [32minfo[39m - [32mBanco de dados conectado com sucesso![39m
2024-04-13 22:28:40:2840 - [32minfo[39m - [32mServer working on: http://localhost:3000[39m
2024-04-13 22:28:47:2847 - [32minfo[39m - [32mBanco de dados conectado com sucesso![39m
2024-04-13 22:28:47:2847 - [32minfo[39m - [32mServer working on: http://localhost:3000[39m
2024-04-13 22:28:48:2848 - [32minfo[39m - [32mBanco de dados conectado com sucesso![39m
2024-04-13 22:28:48:2848 - [32minfo[39m - [32mServer working on: http://localhost:3000[39m
2024-04-13 22:28:51:2851 - [32minfo[39m - [32mBanco de dados conectado com sucesso![39m
2024-04-13 22:28:51:2851 - [32minfo[39m - [32mServer working on: http://localhost:3000[39m
2024-04-13 22:28:59:2859 - [32minfo[39m - [32mBanco de dados conectado com sucesso![39m
2024-04-13 22:28:59:2859 - [32minfo[39m - [32mServer working on: http://localhost:3000[39m
2024-04-13 22:29:01:291 - [32minfo[39m - [32mBanco de dados conectado com sucesso![39m
2024-04-13 22:29:01:291 - [32minfo[39m - [32mServer working on: http://localhost:3000[39m
2024-04-13 22:29:09:299 - [32minfo[39m - [32mBanco de dados conectado com sucesso![39m
2024-04-13 22:29:09:299 - [32minfo[39m - [32mServer working on: http://localhost:3000[39m
2024-04-13 22:29:26:2926 - [32minfo[39m - [32mBanco de dados conectado com sucesso![39m
2024-04-13 22:29:26:2926 - [32minfo[39m - [32mServer working on: http://localhost:3000[39m
2024-04-13 22:29:28:2928 - [32minfo[39m - [32mBanco de dados conectado com sucesso![39m
2024-04-13 22:29:28:2928 - [32minfo[39m - [32mServer working on: http://localhost:3000[39m
2024-04-13 22:29:38:2938 - [32minfo[39m - [32mBanco de dados conectado com sucesso![39m
2024-04-13 22:29:38:2938 - [32minfo[39m - [32mServer working on: http://localhost:3000[39m
2024-04-13 22:29:42:2942 - [32minfo[39m - [32mBanco de dados conectado com sucesso![39m
2024-04-13 22:29:42:2942 - [32minfo[39m - [32mServer working on: http://localhost:3000[39m
2024-04-13 22:30:04:304 - [32minfo[39m - [32mBanco de dados conectado com sucesso![39m
2024-04-13 22:30:04:304 - [32minfo[39m - [32mServer working on: http://localhost:3000[39m
2024-04-13 22:30:13:3013 - [32minfo[39m - [32mBanco de dados conectado com sucesso![39m
2024-04-13 22:30:13:3013 - [32minfo[39m - [32mServer working on: http://localhost:3000[39m
2024-04-13 22:30:21:3021 - [32minfo[39m - [32mBanco de dados conectado com sucesso![39m
2024-04-13 22:30:21:3021 - [32minfo[39m - [32mServer working on: http://localhost:3000[39m
2024-04-13 22:37:31:3731 - [35mhttp[39m - [35mPOST /api/movie 201 292 - 100.096 ms[39m
[35m[39m
2024-04-13 22:38:16:3816 - [35mhttp[39m - [35mPOST /api/movie 201 292 - 124.912 ms[39m
[35m[39m
2024-04-13 22:38:52:3852 - [35mhttp[39m - [35mPOST /api/movie 201 292 - 68.458 ms[39m
[35m[39m
2024-04-13 22:41:47:4147 - [35mhttp[39m - [35mPOST /api/movie 201 292 - 74.920 ms[39m
[35m[39m
2024-04-13 23:38:52:3852 - [32minfo[39m - [32mBanco de dados conectado com sucesso![39m
2024-04-13 23:38:52:3852 - [32minfo[39m - [32mServer working on: http://localhost:3000[39m
2024-04-13 23:38:58:3858 - [32minfo[39m - [32mBanco de dados conectado com sucesso![39m
2024-04-13 23:38:58:3858 - [32minfo[39m - [32mServer working on: http://localhost:3000[39m
2024-04-13 23:39:08:398 - [32minfo[39m - [32mBanco de dados conectado com sucesso![39m
2024-04-13 23:39:08:398 - [32minfo[39m - [32mServer working on: http://localhost:3000[39m
2024-04-13 23:39:16:3916 - [32minfo[39m - [32mBanco de dados conectado com sucesso![39m
2024-04-13 23:39:16:3916 - [32minfo[39m - [32mServer working on: http://localhost:3000[39m
2024-04-13 23:40:59:4059 - [35mhttp[39m - [35mPOST /api/movie 201 283 - 94.042 ms[39m
[35m[39m
2024-04-13 23:42:29:4229 - [32minfo[39m - [32mBanco de dados conectado com sucesso![39m
2024-04-13 23:42:29:4229 - [32minfo[39m - [32mServer working on: http://localhost:3000[39m
2024-04-13 23:42:30:4230 - [32minfo[39m - [32mBanco de dados conectado com sucesso![39m
2024-04-13 23:42:30:4230 - [32minfo[39m - [32mServer working on: http://localhost:3000[39m
2024-04-14 09:54:21:5421 - [32minfo[39m - [32mBanco de dados conectado com sucesso![39m
2024-04-14 09:54:21:5421 - [32minfo[39m - [32mServer working on: http://localhost:3000[39m
2024-04-14 09:54:31:5431 - [35mhttp[39m - [35mGET /api/test 304 - - 3.225 ms[39m
[35m[39m
2024-04-14 09:54:31:5431 - [35mhttp[39m - [35mGET /favicon.ico 404 150 - 2.667 ms[39m
[35m[39m
2024-04-14 09:54:37:5437 - [35mhttp[39m - [35mGET /api/test 304 - - 2.451 ms[39m
[35m[39m
2024-04-14 09:54:40:5440 - [35mhttp[39m - [35mGET /api/test 304 - - 1.190 ms[39m
[35m[39m
2024-04-14 09:55:54:5554 - [32minfo[39m - [32mBanco de dados conectado com sucesso![39m
2024-04-14 09:55:54:5554 - [32minfo[39m - [32mServer working on: http://localhost:3000[39m
2024-04-14 09:55:56:5556 - [32minfo[39m - [32mBanco de dados conectado com sucesso![39m
2024-04-14 09:55:56:5556 - [32minfo[39m - [32mServer working on: http://localhost:3000[39m
2024-04-14 09:56:06:566 - [32minfo[39m - [32mBanco de dados conectado com sucesso![39m
2024-04-14 09:56:06:566 - [32minfo[39m - [32mServer working on: http://localhost:3000[39m
2024-04-14 09:56:19:5619 - [35mhttp[39m - [35mGET /api/movie 404 148 - 3.436 ms[39m
[35m[39m
2024-04-14 09:56:28:5628 - [35mhttp[39m - [35mGET /api/test 304 - - 2.497 ms[39m
[35m[39m
2024-04-14 09:57:06:576 - [35mhttp[39m - [35mGET /api/test 304 - - 1.479 ms[39m
[35m[39m
2024-04-14 09:57:35:5735 - [35mhttp[39m - [35mGET /api/movie 404 148 - 0.539 ms[39m
[35m[39m
2024-04-14 09:57:47:5747 - [35mhttp[39m - [35mGET /api/movie 404 148 - 0.501 ms[39m
[35m[39m
2024-04-14 09:58:25:5825 - [32minfo[39m - [32mBanco de dados conectado com sucesso![39m
2024-04-14 09:58:25:5825 - [32minfo[39m - [32mServer working on: http://localhost:3000[39m
2024-04-14 10:00:20:020 - [35mhttp[39m - [35mPOST /api/movie 201 283 - 93.805 ms[39m
[35m[39m
2024-04-14 10:05:46:546 - [32minfo[39m - [32mBanco de dados conectado com sucesso![39m
2024-04-14 10:05:46:546 - [32minfo[39m - [32mServer working on: http://localhost:3000[39m
2024-04-14 10:05:48:548 - [32minfo[39m - [32mBanco de dados conectado com sucesso![39m
2024-04-14 10:05:48:548 - [32minfo[39m - [32mServer working on: http://localhost:3000[39m
2024-04-14 10:05:50:550 - [32minfo[39m - [32mBanco de dados conectado com sucesso![39m
2024-04-14 10:05:50:550 - [32minfo[39m - [32mServer working on: http://localhost:3000[39m
2024-04-14 10:05:52:552 - [32minfo[39m - [32mBanco de dados conectado com sucesso![39m
2024-04-14 10:05:52:552 - [32minfo[39m - [32mServer working on: http://localhost:3000[39m
2024-04-14 10:06:24:624 - [35mhttp[39m - [35mPOST /api/movie 422 51 - 6.183 ms[39m
[35m[39m
2024-04-14 10:07:12:712 - [32minfo[39m - [32mBanco de dados conectado com sucesso![39m
2024-04-14 10:07:12:712 - [32minfo[39m - [32mServer working on: http://localhost:3000[39m
2024-04-14 10:08:11:811 - [32minfo[39m - [32mBanco de dados conectado com sucesso![39m
2024-04-14 10:08:11:811 - [32minfo[39m - [32mServer working on: http://localhost:3000[39m
2024-04-14 10:08:14:814 - [32minfo[39m - [32mBanco de dados conectado com sucesso![39m
2024-04-14 10:08:14:814 - [32minfo[39m - [32mServer working on: http://localhost:3000[39m
2024-04-14 10:08:18:818 - [32minfo[39m - [32mBanco de dados conectado com sucesso![39m
2024-04-14 10:08:18:818 - [32minfo[39m - [32mServer working on: http://localhost:3000[39m
2024-04-14 10:08:21:821 - [32minfo[39m - [32mBanco de dados conectado com sucesso![39m
2024-04-14 10:08:21:821 - [32minfo[39m - [32mServer working on: http://localhost:3000[39m
2024-04-14 10:08:35:835 - [32minfo[39m - [32mBanco de dados conectado com sucesso![39m
2024-04-14 10:08:35:835 - [32minfo[39m - [32mServer working on: http://localhost:3000[39m
2024-04-14 10:08:43:843 - [32minfo[39m - [32mBanco de dados conectado com sucesso![39m
2024-04-14 10:08:43:843 - [32minfo[39m - [32mServer working on: http://localhost:3000[39m
2024-04-14 10:08:48:848 - [32minfo[39m - [32mBanco de dados conectado com sucesso![39m
2024-04-14 10:08:48:848 - [32minfo[39m - [32mServer working on: http://localhost:3000[39m
2024-04-14 10:08:52:852 - [32minfo[39m - [32mBanco de dados conectado com sucesso![39m
2024-04-14 10:08:52:852 - [32minfo[39m - [32mServer working on: http://localhost:3000[39m
2024-04-14 10:09:08:98 - [32minfo[39m - [32mBanco de dados conectado com sucesso![39m
2024-04-14 10:09:08:98 - [32minfo[39m - [32mServer working on: http://localhost:3000[39m
2024-04-14 10:09:15:915 - [32minfo[39m - [32mBanco de dados conectado com sucesso![39m
2024-04-14 10:09:15:915 - [32minfo[39m - [32mServer working on: http://localhost:3000[39m
2024-04-14 10:09:19:919 - [32minfo[39m - [32mBanco de dados conectado com sucesso![39m
2024-04-14 10:09:19:919 - [32minfo[39m - [32mServer working on: http://localhost:3000[39m
2024-04-14 10:09:44:944 - [35mhttp[39m - [35mPOST /api/movie 422 70 - 5.914 ms[39m
[35m[39m
2024-04-14 10:10:03:103 - [35mhttp[39m - [35mGET /api/movie 404 148 - 4.285 ms[39m
[35m[39m
2024-04-14 10:10:42:1042 - [32minfo[39m - [32mBanco de dados conectado com sucesso![39m
2024-04-14 10:10:42:1042 - [32minfo[39m - [32mServer working on: http://localhost:3000[39m
2024-04-14 10:10:58:1058 - [32minfo[39m - [32mBanco de dados conectado com sucesso![39m
2024-04-14 10:10:58:1058 - [32minfo[39m - [32mServer working on: http://localhost:3000[39m
2024-04-14 10:11:01:111 - [32minfo[39m - [32mBanco de dados conectado com sucesso![39m
2024-04-14 10:11:01:111 - [32minfo[39m - [32mServer working on: http://localhost:3000[39m
2024-04-14 10:11:07:117 - [32minfo[39m - [32mBanco de dados conectado com sucesso![39m
2024-04-14 10:11:07:117 - [32minfo[39m - [32mServer working on: http://localhost:3000[39m
2024-04-14 10:11:11:1111 - [32minfo[39m - [32mBanco de dados conectado com sucesso![39m
2024-04-14 10:11:11:1111 - [32minfo[39m - [32mServer working on: http://localhost:3000[39m
2024-04-14 10:11:16:1116 - [32minfo[39m - [32mBanco de dados conectado com sucesso![39m
2024-04-14 10:11:16:1116 - [32minfo[39m - [32mServer working on: http://localhost:3000[39m
2024-04-14 10:11:21:1121 - [32minfo[39m - [32mBanco de dados conectado com sucesso![39m
2024-04-14 10:11:21:1121 - [32minfo[39m - [32mServer working on: http://localhost:3000[39m
2024-04-14 10:11:23:1123 - [32minfo[39m - [32mBanco de dados conectado com sucesso![39m
2024-04-14 10:11:23:1123 - [32minfo[39m - [32mServer working on: http://localhost:3000[39m
2024-04-14 10:11:26:1126 - [32minfo[39m - [32mBanco de dados conectado com sucesso![39m
2024-04-14 10:11:26:1126 - [32minfo[39m - [32mServer working on: http://localhost:3000[39m
2024-04-14 10:11:28:1128 - [32minfo[39m - [32mBanco de dados conectado com sucesso![39m
2024-04-14 10:11:28:1128 - [32minfo[39m - [32mServer working on: http://localhost:3000[39m
2024-04-14 10:11:33:1133 - [32minfo[39m - [32mBanco de dados conectado com sucesso![39m
2024-04-14 10:11:33:1133 - [32minfo[39m - [32mServer working on: http://localhost:3000[39m
2024-04-14 10:12:35:1235 - [35mhttp[39m - [35mPOST /api/movie 422 55 - 5.826 ms[39m
[35m[39m
2024-04-14 10:13:42:1342 - [32minfo[39m - [32mBanco de dados conectado com sucesso![39m
2024-04-14 10:13:42:1342 - [32minfo[39m - [32mServer working on: http://localhost:3000[39m
2024-04-14 10:13:46:1346 - [32minfo[39m - [32mBanco de dados conectado com sucesso![39m
2024-04-14 10:13:46:1346 - [32minfo[39m - [32mServer working on: http://localhost:3000[39m
2024-04-14 10:13:49:1349 - [32minfo[39m - [32mBanco de dados conectado com sucesso![39m
2024-04-14 10:13:49:1349 - [32minfo[39m - [32mServer working on: http://localhost:3000[39m
2024-04-14 10:15:42:1542 - [32minfo[39m - [32mBanco de dados conectado com sucesso![39m
2024-04-14 10:15:42:1542 - [32minfo[39m - [32mServer working on: http://localhost:3000[39m
2024-04-14 10:16:07:167 - [32minfo[39m - [32mBanco de dados conectado com sucesso![39m
2024-04-14 10:16:07:167 - [32minfo[39m - [32mServer working on: http://localhost:3000[39m
2024-04-14 10:16:09:169 - [32minfo[39m - [32mBanco de dados conectado com sucesso![39m
2024-04-14 10:16:09:169 - [32minfo[39m - [32mServer working on: http://localhost:3000[39m
2024-04-14 10:16:12:1612 - [32minfo[39m - [32mBanco de dados conectado com sucesso![39m
2024-04-14 10:16:12:1612 - [32minfo[39m - [32mServer working on: http://localhost:3000[39m
2024-04-14 10:16:58:1658 - [32minfo[39m - [32mBanco de dados conectado com sucesso![39m
2024-04-14 10:16:58:1658 - [32minfo[39m - [32mServer working on: http://localhost:3000[39m
2024-04-14 10:17:05:175 - [32minfo[39m - [32mBanco de dados conectado com sucesso![39m
2024-04-14 10:17:05:175 - [32minfo[39m - [32mServer working on: http://localhost:3000[39m
2024-04-14 10:17:07:177 - [32minfo[39m - [32mBanco de dados conectado com sucesso![39m
2024-04-14 10:17:07:177 - [32minfo[39m - [32mServer working on: http://localhost:3000[39m
2024-04-14 10:17:10:1710 - [32minfo[39m - [32mBanco de dados conectado com sucesso![39m
2024-04-14 10:17:10:1710 - [32minfo[39m - [32mServer working on: http://localhost:3000[39m
2024-04-14 10:17:17:1717 - [32minfo[39m - [32mBanco de dados conectado com sucesso![39m
2024-04-14 10:17:17:1717 - [32minfo[39m - [32mServer working on: http://localhost:3000[39m
2024-04-14 10:17:19:1719 - [32minfo[39m - [32mBanco de dados conectado com sucesso![39m
2024-04-14 10:17:19:1719 - [32minfo[39m - [32mServer working on: http://localhost:3000[39m
2024-04-14 10:17:22:1722 - [32minfo[39m - [32mBanco de dados conectado com sucesso![39m
2024-04-14 10:17:22:1722 - [32minfo[39m - [32mServer working on: http://localhost:3000[39m
2024-04-14 10:17:29:1729 - [32minfo[39m - [32mBanco de dados conectado com sucesso![39m
2024-04-14 10:17:29:1729 - [32minfo[39m - [32mServer working on: http://localhost:3000[39m
2024-04-14 10:17:34:1734 - [32minfo[39m - [32mBanco de dados conectado com sucesso![39m
2024-04-14 10:17:34:1734 - [32minfo[39m - [32mServer working on: http://localhost:3000[39m
2024-04-14 10:17:37:1737 - [32minfo[39m - [32mBanco de dados conectado com sucesso![39m
2024-04-14 10:17:37:1737 - [32minfo[39m - [32mServer working on: http://localhost:3000[39m
2024-04-14 10:17:45:1745 - [32minfo[39m - [32mBanco de dados conectado com sucesso![39m
2024-04-14 10:17:45:1745 - [32minfo[39m - [32mServer working on: http://localhost:3000[39m
2024-04-14 10:18:18:1818 - [32minfo[39m - [32mBanco de dados conectado com sucesso![39m
2024-04-14 10:18:18:1818 - [32minfo[39m - [32mServer working on: http://localhost:3000[39m
2024-04-14 10:18:20:1820 - [32minfo[39m - [32mBanco de dados conectado com sucesso![39m
2024-04-14 10:18:20:1820 - [32minfo[39m - [32mServer working on: http://localhost:3000[39m
2024-04-14 10:18:32:1832 - [32minfo[39m - [32mBanco de dados conectado com sucesso![39m
2024-04-14 10:18:32:1832 - [32minfo[39m - [32mServer working on: http://localhost:3000[39m
2024-04-14 10:18:45:1845 - [32minfo[39m - [32mBanco de dados conectado com sucesso![39m
2024-04-14 10:18:45:1845 - [32minfo[39m - [32mServer working on: http://localhost:3000[39m
2024-04-14 10:18:55:1855 - [32minfo[39m - [32mBanco de dados conectado com sucesso![39m
2024-04-14 10:18:55:1855 - [32minfo[39m - [32mServer working on: http://localhost:3000[39m
2024-04-14 10:19:41:1941 - [35mhttp[39m - [35mPOST /api/movie 422 54 - 6.697 ms[39m
[35m[39m
2024-04-14 10:19:49:1949 - [35mhttp[39m - [35mPOST /api/movie 422 103 - 1.393 ms[39m
[35m[39m
2024-04-14 10:20:57:2057 - [32minfo[39m - [32mBanco de dados conectado com sucesso![39m
2024-04-14 10:20:57:2057 - [32minfo[39m - [32mServer working on: http://localhost:3000[39m
2024-04-14 10:21:06:216 - [32minfo[39m - [32mBanco de dados conectado com sucesso![39m
2024-04-14 10:21:06:216 - [32minfo[39m - [32mServer working on: http://localhost:3000[39m
2024-04-14 10:21:12:2112 - [32minfo[39m - [32mBanco de dados conectado com sucesso![39m
2024-04-14 10:21:12:2112 - [32minfo[39m - [32mServer working on: http://localhost:3000[39m
2024-04-14 10:21:17:2117 - [32minfo[39m - [32mBanco de dados conectado com sucesso![39m
2024-04-14 10:21:17:2117 - [32minfo[39m - [32mServer working on: http://localhost:3000[39m
2024-04-14 10:21:23:2123 - [32minfo[39m - [32mBanco de dados conectado com sucesso![39m
2024-04-14 10:21:23:2123 - [32minfo[39m - [32mServer working on: http://localhost:3000[39m
2024-04-14 10:21:25:2125 - [32minfo[39m - [32mBanco de dados conectado com sucesso![39m
2024-04-14 10:21:25:2125 - [32minfo[39m - [32mServer working on: http://localhost:3000[39m
2024-04-14 10:21:27:2127 - [32minfo[39m - [32mBanco de dados conectado com sucesso![39m
2024-04-14 10:21:27:2127 - [32minfo[39m - [32mServer working on: http://localhost:3000[39m
2024-04-14 10:21:35:2135 - [32minfo[39m - [32mBanco de dados conectado com sucesso![39m
2024-04-14 10:21:35:2135 - [32minfo[39m - [32mServer working on: http://localhost:3000[39m
2024-04-14 10:21:38:2138 - [32minfo[39m - [32mBanco de dados conectado com sucesso![39m
2024-04-14 10:21:38:2138 - [32minfo[39m - [32mServer working on: http://localhost:3000[39m
2024-04-14 10:21:42:2142 - [32minfo[39m - [32mBanco de dados conectado com sucesso![39m
2024-04-14 10:21:42:2142 - [32minfo[39m - [32mServer working on: http://localhost:3000[39m
2024-04-14 10:22:04:224 - [35mhttp[39m - [35mPOST /api/movie 422 104 - 8.758 ms[39m
[35m[39m
2024-04-14 10:22:16:2216 - [32minfo[39m - [32mBanco de dados conectado com sucesso![39m
2024-04-14 10:22:16:2216 - [32minfo[39m - [32mServer working on: http://localhost:3000[39m
2024-04-14 10:22:17:2217 - [32minfo[39m - [32mBanco de dados conectado com sucesso![39m
2024-04-14 10:22:17:2217 - [32minfo[39m - [32mServer working on: http://localhost:3000[39m
2024-04-14 10:22:19:2219 - [32minfo[39m - [32mBanco de dados conectado com sucesso![39m
2024-04-14 10:22:19:2219 - [32minfo[39m - [32mServer working on: http://localhost:3000[39m
2024-04-14 10:22:21:2221 - [32minfo[39m - [32mBanco de dados conectado com sucesso![39m
2024-04-14 10:22:21:2221 - [32minfo[39m - [32mServer working on: http://localhost:3000[39m
2024-04-14 10:22:29:2229 - [32minfo[39m - [32mBanco de dados conectado com sucesso![39m
2024-04-14 10:22:29:2229 - [32minfo[39m - [32mServer working on: http://localhost:3000[39m
2024-04-14 10:22:36:2236 - [32minfo[39m - [32mBanco de dados conectado com sucesso![39m
2024-04-14 10:22:36:2236 - [32minfo[39m - [32mServer working on: http://localhost:3000[39m
2024-04-14 10:22:46:2246 - [32minfo[39m - [32mBanco de dados conectado com sucesso![39m
2024-04-14 10:22:46:2246 - [32minfo[39m - [32mServer working on: http://localhost:3000[39m
2024-04-14 10:22:48:2248 - [32minfo[39m - [32mBanco de dados conectado com sucesso![39m
2024-04-14 10:22:48:2248 - [32minfo[39m - [32mServer working on: http://localhost:3000[39m
2024-04-14 10:23:25:2325 - [35mhttp[39m - [35mPOST /api/movie 422 54 - 11.331 ms[39m
[35m[39m
2024-04-14 10:23:31:2331 - [35mhttp[39m - [35mPOST /api/movie 422 110 - 3.757 ms[39m
[35m[39m
2024-04-14 10:24:10:2410 - [35mhttp[39m - [35mPOST /api/movie 201 284 - 84.364 ms[39m
[35m[39m
2024-04-14 10:25:54:2554 - [32minfo[39m - [32mBanco de dados conectado com sucesso![39m
2024-04-14 10:25:54:2554 - [32minfo[39m - [32mServer working on: http://localhost:3000[39m
2024-04-14 10:27:40:2740 - [32minfo[39m - [32mBanco de dados conectado com sucesso![39m
2024-04-14 10:27:40:2740 - [32minfo[39m - [32mServer working on: http://localhost:3000[39m
2024-04-14 10:27:44:2744 - [32minfo[39m - [32mBanco de dados conectado com sucesso![39m
2024-04-14 10:27:44:2744 - [32minfo[39m - [32mServer working on: http://localhost:3000[39m
2024-04-14 10:27:48:2748 - [32minfo[39m - [32mBanco de dados conectado com sucesso![39m
2024-04-14 10:27:48:2748 - [32minfo[39m - [32mServer working on: http://localhost:3000[39m
2024-04-14 10:28:09:289 - [32minfo[39m - [32mBanco de dados conectado com sucesso![39m
2024-04-14 10:28:09:289 - [32minfo[39m - [32mServer working on: http://localhost:3000[39m
2024-04-14 10:28:13:2813 - [32minfo[39m - [32mBanco de dados conectado com sucesso![39m
2024-04-14 10:28:13:2813 - [32minfo[39m - [32mServer working on: http://localhost:3000[39m
2024-04-14 10:28:21:2821 - [32minfo[39m - [32mBanco de dados conectado com sucesso![39m
2024-04-14 10:28:21:2821 - [32minfo[39m - [32mServer working on: http://localhost:3000[39m
2024-04-14 10:28:25:2825 - [32minfo[39m - [32mBanco de dados conectado com sucesso![39m
2024-04-14 10:28:25:2825 - [32minfo[39m - [32mServer working on: http://localhost:3000[39m
2024-04-14 10:28:27:2827 - [32minfo[39m - [32mBanco de dados conectado com sucesso![39m
2024-04-14 10:28:27:2827 - [32minfo[39m - [32mServer working on: http://localhost:3000[39m
2024-04-14 10:28:42:2842 - [32minfo[39m - [32mBanco de dados conectado com sucesso![39m
2024-04-14 10:28:42:2842 - [32minfo[39m - [32mServer working on: http://localhost:3000[39m
2024-04-14 10:28:49:2849 - [32minfo[39m - [32mBanco de dados conectado com sucesso![39m
2024-04-14 10:28:49:2849 - [32minfo[39m - [32mServer working on: http://localhost:3000[39m
2024-04-14 10:28:59:2859 - [32minfo[39m - [32mBanco de dados conectado com sucesso![39m
2024-04-14 10:28:59:2859 - [32minfo[39m - [32mServer working on: http://localhost:3000[39m
2024-04-14 10:29:00:290 - [32minfo[39m - [32mBanco de dados conectado com sucesso![39m
2024-04-14 10:29:00:290 - [32minfo[39m - [32mServer working on: http://localhost:3000[39m
2024-04-14 10:29:54:2954 - [32minfo[39m - [32mBanco de dados conectado com sucesso![39m
2024-04-14 10:29:54:2954 - [32minfo[39m - [32mServer working on: http://localhost:3000[39m
2024-04-14 10:30:04:304 - [32minfo[39m - [32mBanco de dados conectado com sucesso![39m
2024-04-14 10:30:04:304 - [32minfo[39m - [32mServer working on: http://localhost:3000[39m
2024-04-14 10:30:06:306 - [32minfo[39m - [32mBanco de dados conectado com sucesso![39m
2024-04-14 10:30:06:306 - [32minfo[39m - [32mServer working on: http://localhost:3000[39m
2024-04-14 10:30:11:3011 - [32minfo[39m - [32mBanco de dados conectado com sucesso![39m
2024-04-14 10:30:11:3011 - [32minfo[39m - [32mServer working on: http://localhost:3000[39m
2024-04-14 10:30:13:3013 - [32minfo[39m - [32mBanco de dados conectado com sucesso![39m
2024-04-14 10:30:13:3013 - [32minfo[39m - [32mServer working on: http://localhost:3000[39m
2024-04-14 10:30:16:3016 - [32minfo[39m - [32mBanco de dados conectado com sucesso![39m
2024-04-14 10:30:16:3016 - [32minfo[39m - [32mServer working on: http://localhost:3000[39m
2024-04-14 10:30:18:3018 - [32minfo[39m - [32mBanco de dados conectado com sucesso![39m
2024-04-14 10:30:18:3018 - [32minfo[39m - [32mServer working on: http://localhost:3000[39m
2024-04-14 10:30:24:3024 - [32minfo[39m - [32mBanco de dados conectado com sucesso![39m
2024-04-14 10:30:24:3024 - [32minfo[39m - [32mServer working on: http://localhost:3000[39m
2024-04-14 10:30:26:3026 - [32minfo[39m - [32mBanco de dados conectado com sucesso![39m
2024-04-14 10:30:26:3026 - [32minfo[39m - [32mServer working on: http://localhost:3000[39m
2024-04-14 10:30:28:3028 - [32minfo[39m - [32mBanco de dados conectado com sucesso![39m
2024-04-14 10:30:28:3028 - [32minfo[39m - [32mServer working on: http://localhost:3000[39m
2024-04-14 10:30:29:3029 - [32minfo[39m - [32mBanco de dados conectado com sucesso![39m
2024-04-14 10:30:29:3029 - [32minfo[39m - [32mServer working on: http://localhost:3000[39m
2024-04-14 10:30:48:3048 - [32minfo[39m - [32mBanco de dados conectado com sucesso![39m
2024-04-14 10:30:48:3048 - [32minfo[39m - [32mServer working on: http://localhost:3000[39m
2024-04-14 10:31:22:3122 - [32minfo[39m - [32mBanco de dados conectado com sucesso![39m
2024-04-14 10:31:22:3122 - [32minfo[39m - [32mServer working on: http://localhost:3000[39m
2024-04-14 10:31:31:3131 - [32minfo[39m - [32mBanco de dados conectado com sucesso![39m
2024-04-14 10:31:31:3131 - [32minfo[39m - [32mServer working on: http://localhost:3000[39m
2024-04-14 10:31:34:3134 - [32minfo[39m - [32mBanco de dados conectado com sucesso![39m
2024-04-14 10:31:34:3134 - [32minfo[39m - [32mServer working on: http://localhost:3000[39m
2024-04-14 10:31:37:3137 - [32minfo[39m - [32mBanco de dados conectado com sucesso![39m
2024-04-14 10:31:37:3137 - [32minfo[39m - [32mServer working on: http://localhost:3000[39m
2024-04-14 10:31:40:3140 - [32minfo[39m - [32mBanco de dados conectado com sucesso![39m
2024-04-14 10:31:40:3140 - [32minfo[39m - [32mServer working on: http://localhost:3000[39m
2024-04-14 10:31:44:3144 - [32minfo[39m - [32mBanco de dados conectado com sucesso![39m
2024-04-14 10:31:44:3144 - [32minfo[39m - [32mServer working on: http://localhost:3000[39m
2024-04-14 10:31:46:3146 - [32minfo[39m - [32mBanco de dados conectado com sucesso![39m
2024-04-14 10:31:46:3146 - [32minfo[39m - [32mServer working on: http://localhost:3000[39m
2024-04-14 10:34:35:3435 - [31merror[39m - [31mErro no Sistema: Cast to ObjectId failed for value "50" (type string) at path "_id" for model "Movie"[39m
2024-04-14 10:34:43:3443 - [35mhttp[39m - [35mGET /api/movie/50 - - - - ms[39m
[35m[39m
2024-04-14 10:36:22:3622 - [32minfo[39m - [32mBanco de dados conectado com sucesso![39m
2024-04-14 10:36:22:3622 - [32minfo[39m - [32mServer working on: http://localhost:3000[39m
2024-04-14 10:36:46:3646 - [32minfo[39m - [32mBanco de dados conectado com sucesso![39m
2024-04-14 10:36:46:3646 - [32minfo[39m - [32mServer working on: http://localhost:3000[39m
2024-04-14 10:36:49:3649 - [32minfo[39m - [32mBanco de dados conectado com sucesso![39m
2024-04-14 10:36:49:3649 - [32minfo[39m - [32mServer working on: http://localhost:3000[39m
2024-04-14 10:36:53:3653 - [32minfo[39m - [32mBanco de dados conectado com sucesso![39m
2024-04-14 10:36:53:3653 - [32minfo[39m - [32mServer working on: http://localhost:3000[39m
2024-04-14 10:37:08:378 - [31merror[39m - [31mErro no Sistema: Cast to ObjectId failed for value "50" (type string) at path "_id" for model "Movie"[39m
2024-04-14 10:37:11:3711 - [35mhttp[39m - [35mGET /api/movie/50 - - - - ms[39m
[35m[39m
2024-04-14 10:37:15:3715 - [35mhttp[39m - [35mGET /api/movie/661bd8fac988830956cb56cd 201 284 - 114.169 ms[39m
[35m[39m
2024-04-14 10:37:39:3739 - [32minfo[39m - [32mBanco de dados conectado com sucesso![39m
2024-04-14 10:37:39:3739 - [32minfo[39m - [32mServer working on: http://localhost:3000[39m
2024-04-14 10:38:02:382 - [35mhttp[39m - [35mGET /api/movie/661bd8fac988830956cb56cd 200 284 - 247.557 ms[39m
[35m[39m
2024-04-14 10:40:43:4043 - [32minfo[39m - [32mBanco de dados conectado com sucesso![39m
2024-04-14 10:40:43:4043 - [32minfo[39m - [32mServer working on: http://localhost:3000[39m
2024-04-14 10:40:49:4049 - [35mhttp[39m - [35mGET /api/movie/661bd8fac988830956cb56cd 200 284 - 84.682 ms[39m
[35m[39m
2024-04-14 10:40:53:4053 - [31merror[39m - [31mErro no Sistema: Cast to ObjectId failed for value "661bd8fac988" (type string) at path "_id" for model "Movie"[39m
2024-04-14 10:41:03:413 - [35mhttp[39m - [35mGET /api/movie/661bd8fac988 - - - - ms[39m
[35m[39m
2024-04-14 10:41:22:4122 - [32minfo[39m - [32mBanco de dados conectado com sucesso![39m
2024-04-14 10:41:22:4122 - [32minfo[39m - [32mServer working on: http://localhost:3000[39m
2024-04-14 10:41:33:4133 - [35mhttp[39m - [35mGET /api/movie/661bd8fac988830956cb56cd 404 32 - 79.708 ms[39m
[35m[39m
2024-04-14 10:42:06:426 - [32minfo[39m - [32mBanco de dados conectado com sucesso![39m
2024-04-14 10:42:06:426 - [32minfo[39m - [32mServer working on: http://localhost:3000[39m
2024-04-14 10:42:27:4227 - [35mhttp[39m - [35mGET /api/movie/661bd8fac988830956cb56cd 200 284 - 89.986 ms[39m
[35m[39m
2024-04-14 10:42:48:4248 - [32minfo[39m - [32mBanco de dados conectado com sucesso![39m
2024-04-14 10:42:48:4248 - [32minfo[39m - [32mServer working on: http://localhost:3000[39m
2024-04-14 10:42:52:4252 - [32minfo[39m - [32mBanco de dados conectado com sucesso![39m
2024-04-14 10:42:52:4252 - [32minfo[39m - [32mServer working on: http://localhost:3000[39m
2024-04-14 10:42:52:4252 - [35mhttp[39m - [35mGET /api/movie/661bd8fac988830956cb56cd 404 32 - 508.503 ms[39m
[35m[39m
2024-04-14 10:43:00:430 - [32minfo[39m - [32mBanco de dados conectado com sucesso![39m
2024-04-14 10:43:00:430 - [32minfo[39m - [32mServer working on: http://localhost:3000[39m
2024-04-14 10:43:00:430 - [35mhttp[39m - [35mGET /api/movie/661bd8fac988830956cb56cd 200 284 - 3186.038 ms[39m
[35m[39m
2024-04-14 10:43:10:4310 - [31merror[39m - [31mErro no Sistema: Cast to ObjectId failed for value "661bd8fac9888" (type string) at path "_id" for model "Movie"[39m
2024-04-14 10:43:29:4329 - [35mhttp[39m - [35mGET /api/movie/661bd8fac9888 - - - - ms[39m
[35m[39m
2024-04-14 10:44:08:448 - [32minfo[39m - [32mBanco de dados conectado com sucesso![39m
2024-04-14 10:44:08:448 - [32minfo[39m - [32mServer working on: http://localhost:3000[39m
2024-04-14 10:44:15:4415 - [32minfo[39m - [32mBanco de dados conectado com sucesso![39m
2024-04-14 10:44:15:4415 - [32minfo[39m - [32mServer working on: http://localhost:3000[39m
2024-04-14 10:44:20:4420 - [35mhttp[39m - [35mGET /api/movie/661bd8fac988830956cb56cd 200 284 - 156.683 ms[39m
[35m[39m
2024-04-14 10:44:25:4425 - [31merror[39m - [31mErro no Sistema: Cast to ObjectId failed for value "661bd8fac9888309" (type string) at path "_id" for model "Movie"[39m
2024-04-14 10:44:31:4431 - [35mhttp[39m - [35mGET /api/movie/661bd8fac9888309 - - - - ms[39m
[35m[39m
2024-04-14 10:44:35:4435 - [35mhttp[39m - [35mGET /api/movie/661bd8fac988830956cb56ca 404 32 - 95.433 ms[39m
[35m[39m
2024-04-14 10:44:40:4440 - [35mhttp[39m - [35mGET /api/movie/661bd8fac988830956cb56cd 200 284 - 67.158 ms[39m
[35m[39m
2024-04-14 10:45:29:4529 - [32minfo[39m - [32mBanco de dados conectado com sucesso![39m
2024-04-14 10:45:29:4529 - [32minfo[39m - [32mServer working on: http://localhost:3000[39m
2024-04-14 10:45:36:4536 - [31merror[39m - [31mErro no Sistema: Cast to ObjectId failed for value "661bd8fac988830956cb56cs" (type string) at path "_id" for model "Movie"[39m
2024-04-14 10:45:47:4547 - [35mhttp[39m - [35mGET /api/movie/661bd8fac988830956cb56cs - - - - ms[39m
[35m[39m
2024-04-14 10:45:53:4553 - [35mhttp[39m - [35mGET /api/movie/661bd8fac988830956cb56cd 200 284 - 97.417 ms[39m
[35m[39m
2024-04-14 10:46:03:463 - [35mhttp[39m - [35mGET /api/movie/661bd8fac988830956cb56ca 404 32 - 320.312 ms[39m
[35m[39m
2024-04-14 10:46:44:4644 - [32minfo[39m - [32mBanco de dados conectado com sucesso![39m
2024-04-14 10:46:44:4644 - [32minfo[39m - [32mServer working on: http://localhost:3000[39m
2024-04-14 10:48:57:4857 - [32minfo[39m - [32mBanco de dados conectado com sucesso![39m
2024-04-14 10:48:57:4857 - [32minfo[39m - [32mServer working on: http://localhost:3000[39m
2024-04-14 10:49:02:492 - [32minfo[39m - [32mBanco de dados conectado com sucesso![39m
2024-04-14 10:49:02:492 - [32minfo[39m - [32mServer working on: http://localhost:3000[39m
2024-04-14 10:49:39:4939 - [32minfo[39m - [32mBanco de dados conectado com sucesso![39m
2024-04-14 10:49:39:4939 - [32minfo[39m - [32mServer working on: http://localhost:3000[39m
2024-04-14 10:49:50:4950 - [32minfo[39m - [32mBanco de dados conectado com sucesso![39m
2024-04-14 10:49:50:4950 - [32minfo[39m - [32mServer working on: http://localhost:3000[39m
2024-04-14 10:49:52:4952 - [32minfo[39m - [32mBanco de dados conectado com sucesso![39m
2024-04-14 10:49:52:4952 - [32minfo[39m - [32mServer working on: http://localhost:3000[39m
2024-04-14 10:49:55:4955 - [32minfo[39m - [32mBanco de dados conectado com sucesso![39m
2024-04-14 10:49:55:4955 - [32minfo[39m - [32mServer working on: http://localhost:3000[39m
2024-04-14 10:49:58:4958 - [32minfo[39m - [32mBanco de dados conectado com sucesso![39m
2024-04-14 10:49:58:4958 - [32minfo[39m - [32mServer working on: http://localhost:3000[39m
2024-04-14 10:50:07:507 - [32minfo[39m - [32mBanco de dados conectado com sucesso![39m
2024-04-14 10:50:07:507 - [32minfo[39m - [32mServer working on: http://localhost:3000[39m
2024-04-14 10:50:10:5010 - [32minfo[39m - [32mBanco de dados conectado com sucesso![39m
2024-04-14 10:50:10:5010 - [32minfo[39m - [32mServer working on: http://localhost:3000[39m
2024-04-14 10:50:13:5013 - [32minfo[39m - [32mBanco de dados conectado com sucesso![39m
2024-04-14 10:50:13:5013 - [32minfo[39m - [32mServer working on: http://localhost:3000[39m
2024-04-14 10:50:17:5017 - [32minfo[39m - [32mBanco de dados conectado com sucesso![39m
2024-04-14 10:50:17:5017 - [32minfo[39m - [32mServer working on: http://localhost:3000[39m
2024-04-14 10:50:19:5019 - [32minfo[39m - [32mBanco de dados conectado com sucesso![39m
2024-04-14 10:50:19:5019 - [32minfo[39m - [32mServer working on: http://localhost:3000[39m
2024-04-14 10:50:26:5026 - [32minfo[39m - [32mBanco de dados conectado com sucesso![39m
2024-04-14 10:50:26:5026 - [32minfo[39m - [32mServer working on: http://localhost:3000[39m
2024-04-14 10:50:31:5031 - [32minfo[39m - [32mBanco de dados conectado com sucesso![39m
2024-04-14 10:50:31:5031 - [32minfo[39m - [32mServer working on: http://localhost:3000[39m
2024-04-14 10:50:35:5035 - [32minfo[39m - [32mBanco de dados conectado com sucesso![39m
2024-04-14 10:50:35:5035 - [32minfo[39m - [32mServer working on: http://localhost:3000[39m
2024-04-14 10:50:40:5040 - [32minfo[39m - [32mBanco de dados conectado com sucesso![39m
2024-04-14 10:50:40:5040 - [32minfo[39m - [32mServer working on: http://localhost:3000[39m
2024-04-14 10:50:57:5057 - [35mhttp[39m - [35mGET /api/movie/661bd8fac988830956cb56ca 404 32 - 264.495 ms[39m
[35m[39m
2024-04-14 10:51:01:511 - [35mhttp[39m - [35mGET /api/movie/661bd8fac988830956cb56cd 200 284 - 366.709 ms[39m
[35m[39m
2024-04-14 10:51:04:514 - [35mhttp[39m - [35mGET /api/movie/661bd8fac988830956c 404 31 - 0.548 ms[39m
[35m[39m
2024-04-14 10:53:44:5344 - [32minfo[39m - [32mBanco de dados conectado com sucesso![39m
2024-04-14 10:53:44:5344 - [32minfo[39m - [32mServer working on: http://localhost:3000[39m
2024-04-14 10:53:59:5359 - [32minfo[39m - [32mBanco de dados conectado com sucesso![39m
2024-04-14 10:53:59:5359 - [32minfo[39m - [32mServer working on: http://localhost:3000[39m
2024-04-14 10:54:09:549 - [32minfo[39m - [32mBanco de dados conectado com sucesso![39m
2024-04-14 10:54:09:549 - [32minfo[39m - [32mServer working on: http://localhost:3000[39m
2024-04-14 10:54:17:5417 - [32minfo[39m - [32mBanco de dados conectado com sucesso![39m
2024-04-14 10:54:17:5417 - [32minfo[39m - [32mServer working on: http://localhost:3000[39m
2024-04-14 10:54:22:5422 - [32minfo[39m - [32mBanco de dados conectado com sucesso![39m
2024-04-14 10:54:22:5422 - [32minfo[39m - [32mServer working on: http://localhost:3000[39m
2024-04-14 10:54:36:5436 - [32minfo[39m - [32mBanco de dados conectado com sucesso![39m
2024-04-14 10:54:36:5436 - [32minfo[39m - [32mServer working on: http://localhost:3000[39m
2024-04-14 10:54:56:5456 - [32minfo[39m - [32mBanco de dados conectado com sucesso![39m
2024-04-14 10:54:56:5456 - [32minfo[39m - [32mServer working on: http://localhost:3000[39m
2024-04-14 10:54:58:5458 - [32minfo[39m - [32mBanco de dados conectado com sucesso![39m
2024-04-14 10:54:58:5458 - [32minfo[39m - [32mServer working on: http://localhost:3000[39m
2024-04-14 10:55:02:552 - [32minfo[39m - [32mBanco de dados conectado com sucesso![39m
2024-04-14 10:55:02:552 - [32minfo[39m - [32mServer working on: http://localhost:3000[39m
2024-04-14 10:55:05:555 - [32minfo[39m - [32mBanco de dados conectado com sucesso![39m
2024-04-14 10:55:05:555 - [32minfo[39m - [32mServer working on: http://localhost:3000[39m
2024-04-14 10:55:25:5525 - [32minfo[39m - [32mBanco de dados conectado com sucesso![39m
2024-04-14 10:55:25:5525 - [32minfo[39m - [32mServer working on: http://localhost:3000[39m
2024-04-14 10:55:29:5529 - [32minfo[39m - [32mBanco de dados conectado com sucesso![39m
2024-04-14 10:55:29:5529 - [32minfo[39m - [32mServer working on: http://localhost:3000[39m
2024-04-14 10:55:35:5535 - [32minfo[39m - [32mBanco de dados conectado com sucesso![39m
2024-04-14 10:55:35:5535 - [32minfo[39m - [32mServer working on: http://localhost:3000[39m
2024-04-14 10:55:37:5537 - [32minfo[39m - [32mBanco de dados conectado com sucesso![39m
2024-04-14 10:55:37:5537 - [32minfo[39m - [32mServer working on: http://localhost:3000[39m
2024-04-14 10:55:49:5549 - [32minfo[39m - [32mBanco de dados conectado com sucesso![39m
2024-04-14 10:55:49:5549 - [32minfo[39m - [32mServer working on: http://localhost:3000[39m
2024-04-14 10:55:58:5558 - [32minfo[39m - [32mBanco de dados conectado com sucesso![39m
2024-04-14 10:55:58:5558 - [32minfo[39m - [32mServer working on: http://localhost:3000[39m
2024-04-14 10:56:08:568 - [32minfo[39m - [32mBanco de dados conectado com sucesso![39m
2024-04-14 10:56:08:568 - [32minfo[39m - [32mServer working on: http://localhost:3000[39m
2024-04-14 10:56:10:5610 - [32minfo[39m - [32mBanco de dados conectado com sucesso![39m
2024-04-14 10:56:10:5610 - [32minfo[39m - [32mServer working on: http://localhost:3000[39m
2024-04-14 10:56:16:5616 - [32minfo[39m - [32mBanco de dados conectado com sucesso![39m
2024-04-14 10:56:16:5616 - [32minfo[39m - [32mServer working on: http://localhost:3000[39m
2024-04-14 10:56:22:5622 - [32minfo[39m - [32mBanco de dados conectado com sucesso![39m
2024-04-14 10:56:22:5622 - [32minfo[39m - [32mServer working on: http://localhost:3000[39m
2024-04-14 10:56:24:5624 - [32minfo[39m - [32mBanco de dados conectado com sucesso![39m
2024-04-14 10:56:24:5624 - [32minfo[39m - [32mServer working on: http://localhost:3000[39m
2024-04-14 10:56:40:5640 - [32minfo[39m - [32mBanco de dados conectado com sucesso![39m
2024-04-14 10:56:40:5640 - [32minfo[39m - [32mServer working on: http://localhost:3000[39m
2024-04-14 10:56:54:5654 - [32minfo[39m - [32mBanco de dados conectado com sucesso![39m
2024-04-14 10:56:54:5654 - [32minfo[39m - [32mServer working on: http://localhost:3000[39m
2024-04-14 10:56:56:5656 - [32minfo[39m - [32mBanco de dados conectado com sucesso![39m
2024-04-14 10:56:56:5656 - [32minfo[39m - [32mServer working on: http://localhost:3000[39m
2024-04-14 10:57:00:570 - [32minfo[39m - [32mBanco de dados conectado com sucesso![39m
2024-04-14 10:57:00:570 - [32minfo[39m - [32mServer working on: http://localhost:3000[39m
2024-04-14 10:57:08:578 - [32minfo[39m - [32mBanco de dados conectado com sucesso![39m
2024-04-14 10:57:08:578 - [32minfo[39m - [32mServer working on: http://localhost:3000[39m
2024-04-14 10:57:15:5715 - [35mhttp[39m - [35mGET /api/movie 200 863 - 81.521 ms[39m
[35m[39m
2024-04-14 10:58:52:5852 - [32minfo[39m - [32mBanco de dados conectado com sucesso![39m
2024-04-14 10:58:52:5852 - [32minfo[39m - [32mServer working on: http://localhost:3000[39m
2024-04-14 10:59:18:5918 - [32minfo[39m - [32mBanco de dados conectado com sucesso![39m
2024-04-14 10:59:18:5918 - [32minfo[39m - [32mServer working on: http://localhost:3000[39m
2024-04-14 10:59:20:5920 - [32minfo[39m - [32mBanco de dados conectado com sucesso![39m
2024-04-14 10:59:20:5920 - [32minfo[39m - [32mServer working on: http://localhost:3000[39m
2024-04-14 10:59:24:5924 - [32minfo[39m - [32mBanco de dados conectado com sucesso![39m
2024-04-14 10:59:24:5924 - [32minfo[39m - [32mServer working on: http://localhost:3000[39m
2024-04-14 10:59:43:5943 - [32minfo[39m - [32mBanco de dados conectado com sucesso![39m
2024-04-14 10:59:43:5943 - [32minfo[39m - [32mServer working on: http://localhost:3000[39m
2024-04-14 11:00:05:05 - [32minfo[39m - [32mBanco de dados conectado com sucesso![39m
2024-04-14 11:00:05:05 - [32minfo[39m - [32mServer working on: http://localhost:3000[39m
2024-04-14 11:00:11:011 - [32minfo[39m - [32mBanco de dados conectado com sucesso![39m
2024-04-14 11:00:11:011 - [32minfo[39m - [32mServer working on: http://localhost:3000[39m
2024-04-14 11:00:18:018 - [32minfo[39m - [32mBanco de dados conectado com sucesso![39m
2024-04-14 11:00:18:018 - [32minfo[39m - [32mServer working on: http://localhost:3000[39m
2024-04-14 11:00:21:021 - [32minfo[39m - [32mBanco de dados conectado com sucesso![39m
2024-04-14 11:00:21:021 - [32minfo[39m - [32mServer working on: http://localhost:3000[39m
2024-04-14 11:00:29:029 - [32minfo[39m - [32mBanco de dados conectado com sucesso![39m
2024-04-14 11:00:29:029 - [32minfo[39m - [32mServer working on: http://localhost:3000[39m
2024-04-14 11:00:46:046 - [32minfo[39m - [32mBanco de dados conectado com sucesso![39m
2024-04-14 11:00:46:046 - [32minfo[39m - [32mServer working on: http://localhost:3000[39m
2024-04-14 11:01:01:11 - [32minfo[39m - [32mBanco de dados conectado com sucesso![39m
2024-04-14 11:01:01:11 - [32minfo[39m - [32mServer working on: http://localhost:3000[39m
2024-04-14 11:01:04:14 - [32minfo[39m - [32mBanco de dados conectado com sucesso![39m
2024-04-14 11:01:04:14 - [32minfo[39m - [32mServer working on: http://localhost:3000[39m
2024-04-14 11:01:27:127 - [32minfo[39m - [32mBanco de dados conectado com sucesso![39m
2024-04-14 11:01:27:127 - [32minfo[39m - [32mServer working on: http://localhost:3000[39m
2024-04-14 11:02:55:255 - [32minfo[39m - [32mBanco de dados conectado com sucesso![39m
2024-04-14 11:02:55:255 - [32minfo[39m - [32mServer working on: http://localhost:3000[39m
2024-04-14 11:03:01:31 - [32minfo[39m - [32mBanco de dados conectado com sucesso![39m
2024-04-14 11:03:01:31 - [32minfo[39m - [32mServer working on: http://localhost:3000[39m
2024-04-14 11:03:51:351 - [32minfo[39m - [32mBanco de dados conectado com sucesso![39m
2024-04-14 11:03:51:351 - [32minfo[39m - [32mServer working on: http://localhost:3000[39m
2024-04-14 11:03:59:359 - [32minfo[39m - [32mBanco de dados conectado com sucesso![39m
2024-04-14 11:03:59:359 - [32minfo[39m - [32mServer working on: http://localhost:3000[39m
2024-04-14 11:04:39:439 - [32minfo[39m - [32mBanco de dados conectado com sucesso![39m
2024-04-14 11:04:39:439 - [32minfo[39m - [32mServer working on: http://localhost:3000[39m
2024-04-14 11:04:42:442 - [32minfo[39m - [32mBanco de dados conectado com sucesso![39m
2024-04-14 11:04:42:442 - [32minfo[39m - [32mServer working on: http://localhost:3000[39m
2024-04-14 11:05:05:55 - [32minfo[39m - [32mBanco de dados conectado com sucesso![39m
2024-04-14 11:05:05:55 - [32minfo[39m - [32mServer working on: http://localhost:3000[39m
2024-04-14 11:05:16:516 - [32minfo[39m - [32mBanco de dados conectado com sucesso![39m
2024-04-14 11:05:16:516 - [32minfo[39m - [32mServer working on: http://localhost:3000[39m
2024-04-14 11:05:18:518 - [32minfo[39m - [32mBanco de dados conectado com sucesso![39m
2024-04-14 11:05:18:518 - [32minfo[39m - [32mServer working on: http://localhost:3000[39m
2024-04-14 11:05:21:521 - [32minfo[39m - [32mBanco de dados conectado com sucesso![39m
2024-04-14 11:05:21:521 - [32minfo[39m - [32mServer working on: http://localhost:3000[39m
2024-04-14 11:05:22:522 - [32minfo[39m - [32mBanco de dados conectado com sucesso![39m
2024-04-14 11:05:22:522 - [32minfo[39m - [32mServer working on: http://localhost:3000[39m
2024-04-14 11:05:25:525 - [32minfo[39m - [32mBanco de dados conectado com sucesso![39m
2024-04-14 11:05:25:525 - [32minfo[39m - [32mServer working on: http://localhost:3000[39m
2024-04-14 11:05:27:527 - [32minfo[39m - [32mBanco de dados conectado com sucesso![39m
2024-04-14 11:05:27:527 - [32minfo[39m - [32mServer working on: http://localhost:3000[39m
2024-04-14 11:06:24:624 - [32minfo[39m - [32mBanco de dados conectado com sucesso![39m
2024-04-14 11:06:24:624 - [32minfo[39m - [32mServer working on: http://localhost:3000[39m
2024-04-14 11:06:41:641 - [32minfo[39m - [32mBanco de dados conectado com sucesso![39m
2024-04-14 11:06:41:641 - [32minfo[39m - [32mServer working on: http://localhost:3000[39m
2024-04-14 11:06:49:649 - [32minfo[39m - [32mBanco de dados conectado com sucesso![39m
2024-04-14 11:06:49:649 - [32minfo[39m - [32mServer working on: http://localhost:3000[39m
2024-04-14 11:06:53:653 - [32minfo[39m - [32mBanco de dados conectado com sucesso![39m
2024-04-14 11:06:53:653 - [32minfo[39m - [32mServer working on: http://localhost:3000[39m
2024-04-14 11:06:58:658 - [32minfo[39m - [32mBanco de dados conectado com sucesso![39m
2024-04-14 11:06:58:658 - [32minfo[39m - [32mServer working on: http://localhost:3000[39m
2024-04-14 11:07:10:710 - [32minfo[39m - [32mBanco de dados conectado com sucesso![39m
2024-04-14 11:07:11:711 - [32minfo[39m - [32mServer working on: http://localhost:3000[39m
2024-04-14 11:07:15:715 - [32minfo[39m - [32mBanco de dados conectado com sucesso![39m
2024-04-14 11:07:15:715 - [32minfo[39m - [32mServer working on: http://localhost:3000[39m
2024-04-14 11:07:19:719 - [32minfo[39m - [32mBanco de dados conectado com sucesso![39m
2024-04-14 11:07:19:719 - [32minfo[39m - [32mServer working on: http://localhost:3000[39m
2024-04-14 11:07:28:728 - [32minfo[39m - [32mBanco de dados conectado com sucesso![39m
2024-04-14 11:07:28:728 - [32minfo[39m - [32mServer working on: http://localhost:3000[39m
2024-04-14 11:07:48:748 - [32minfo[39m - [32mBanco de dados conectado com sucesso![39m
2024-04-14 11:07:48:748 - [32minfo[39m - [32mServer working on: http://localhost:3000[39m
2024-04-14 11:07:50:750 - [32minfo[39m - [32mBanco de dados conectado com sucesso![39m
2024-04-14 11:07:50:750 - [32minfo[39m - [32mServer working on: http://localhost:3000[39m
2024-04-14 11:07:57:757 - [32minfo[39m - [32mBanco de dados conectado com sucesso![39m
2024-04-14 11:07:57:757 - [32minfo[39m - [32mServer working on: http://localhost:3000[39m
2024-04-14 11:08:04:84 - [32minfo[39m - [32mBanco de dados conectado com sucesso![39m
2024-04-14 11:08:04:84 - [32minfo[39m - [32mServer working on: http://localhost:3000[39m
2024-04-14 11:08:23:823 - [35mhttp[39m - [35mGET /api/movie/sdfdfdf 404 31 - 3.052 ms[39m
[35m[39m
2024-04-14 11:08:26:826 - [35mhttp[39m - [35mGET /api/movie/sdfdfdf 404 31 - 0.666 ms[39m
[35m[39m
2024-04-14 11:08:44:844 - [35mhttp[39m - [35mDELETE /api/movie/sdfdfdf 404 32 - 0.621 ms[39m
[35m[39m
2024-04-14 11:09:01:91 - [35mhttp[39m - [35mGET /api/movie/661bd8fac988830956c 404 31 - 0.384 ms[39m
[35m[39m
2024-04-14 11:09:03:93 - [35mhttp[39m - [35mGET /api/movie/661bd8fac988830956cd 404 31 - 0.436 ms[39m
[35m[39m
2024-04-14 11:09:06:96 - [35mhttp[39m - [35mGET /api/movie/661bd8fac988830956cd 404 31 - 0.455 ms[39m
[35m[39m
2024-04-14 11:09:34:934 - [35mhttp[39m - [35mGET /api/movie/661b345b0497197f5ac03254 200 292 - 372.263 ms[39m
[35m[39m
2024-04-14 11:09:47:947 - [35mhttp[39m - [35mDELETE /api/movie/661b345b0497197f5ac03255 404 32 - 63.861 ms[39m
[35m[39m
2024-04-14 11:09:52:952 - [35mhttp[39m - [35mDELETE /api/movie/661b345b0497197f5ac03254 204 - - 106.297 ms[39m
[35m[39m
2024-04-14 11:10:13:1013 - [35mhttp[39m - [35mGET /api/movie 200 570 - 68.727 ms[39m
[35m[39m
2024-04-14 11:54:24:5424 - [32minfo[39m - [32mBanco de dados conectado com sucesso![39m
2024-04-14 11:54:24:5424 - [32minfo[39m - [32mServer working on: http://localhost:3000[39m
2024-04-14 11:54:48:5448 - [32minfo[39m - [32mBanco de dados conectado com sucesso![39m
2024-04-14 11:54:48:5448 - [32minfo[39m - [32mServer working on: http://localhost:3000[39m
2024-04-14 11:57:47:5747 - [32minfo[39m - [32mBanco de dados conectado com sucesso![39m
2024-04-14 11:57:47:5747 - [32minfo[39m - [32mServer working on: http://localhost:3000[39m
2024-04-14 11:58:01:581 - [32minfo[39m - [32mBanco de dados conectado com sucesso![39m
2024-04-14 11:58:01:581 - [32minfo[39m - [32mServer working on: http://localhost:3000[39m
2024-04-14 11:58:05:585 - [32minfo[39m - [32mBanco de dados conectado com sucesso![39m
2024-04-14 11:58:05:585 - [32minfo[39m - [32mServer working on: http://localhost:3000[39m
2024-04-14 11:58:12:5812 - [32minfo[39m - [32mBanco de dados conectado com sucesso![39m
2024-04-14 11:58:12:5812 - [32minfo[39m - [32mServer working on: http://localhost:3000[39m
2024-04-14 11:58:27:5827 - [32minfo[39m - [32mBanco de dados conectado com sucesso![39m
2024-04-14 11:58:27:5827 - [32minfo[39m - [32mServer working on: http://localhost:3000[39m
2024-04-14 11:58:38:5838 - [32minfo[39m - [32mBanco de dados conectado com sucesso![39m
2024-04-14 11:58:38:5838 - [32minfo[39m - [32mServer working on: http://localhost:3000[39m
2024-04-14 11:58:42:5842 - [32minfo[39m - [32mBanco de dados conectado com sucesso![39m
2024-04-14 11:58:42:5842 - [32minfo[39m - [32mServer working on: http://localhost:3000[39m
2024-04-14 11:58:46:5846 - [32minfo[39m - [32mBanco de dados conectado com sucesso![39m
2024-04-14 11:58:46:5846 - [32minfo[39m - [32mServer working on: http://localhost:3000[39m
2024-04-14 11:59:15:5915 - [32minfo[39m - [32mBanco de dados conectado com sucesso![39m
2024-04-14 11:59:15:5915 - [32minfo[39m - [32mServer working on: http://localhost:3000[39m
2024-04-14 11:59:17:5917 - [32minfo[39m - [32mBanco de dados conectado com sucesso![39m
2024-04-14 11:59:17:5917 - [32minfo[39m - [32mServer working on: http://localhost:3000[39m
2024-04-14 11:59:22:5922 - [32minfo[39m - [32mBanco de dados conectado com sucesso![39m
2024-04-14 11:59:22:5922 - [32minfo[39m - [32mServer working on: http://localhost:3000[39m
2024-04-14 11:59:28:5928 - [32minfo[39m - [32mBanco de dados conectado com sucesso![39m
2024-04-14 11:59:28:5928 - [32minfo[39m - [32mServer working on: http://localhost:3000[39m
2024-04-14 11:59:38:5938 - [32minfo[39m - [32mBanco de dados conectado com sucesso![39m
2024-04-14 11:59:38:5938 - [32minfo[39m - [32mServer working on: http://localhost:3000[39m
2024-04-14 11:59:44:5944 - [32minfo[39m - [32mBanco de dados conectado com sucesso![39m
2024-04-14 11:59:44:5944 - [32minfo[39m - [32mServer working on: http://localhost:3000[39m
2024-04-14 12:00:09:09 - [32minfo[39m - [32mBanco de dados conectado com sucesso![39m
2024-04-14 12:00:09:09 - [32minfo[39m - [32mServer working on: http://localhost:3000[39m
2024-04-14 12:00:13:013 - [32minfo[39m - [32mBanco de dados conectado com sucesso![39m
2024-04-14 12:00:13:013 - [32minfo[39m - [32mServer working on: http://localhost:3000[39m
2024-04-14 12:00:24:024 - [32minfo[39m - [32mBanco de dados conectado com sucesso![39m
2024-04-14 12:00:24:024 - [32minfo[39m - [32mServer working on: http://localhost:3000[39m
2024-04-14 12:00:30:030 - [32minfo[39m - [32mBanco de dados conectado com sucesso![39m
2024-04-14 12:00:30:030 - [32minfo[39m - [32mServer working on: http://localhost:3000[39m
2024-04-14 12:00:35:035 - [32minfo[39m - [32mBanco de dados conectado com sucesso![39m
2024-04-14 12:00:35:035 - [32minfo[39m - [32mServer working on: http://localhost:3000[39m
2024-04-14 12:00:58:058 - [32minfo[39m - [32mBanco de dados conectado com sucesso![39m
2024-04-14 12:00:58:058 - [32minfo[39m - [32mServer working on: http://localhost:3000[39m
2024-04-14 12:01:00:10 - [32minfo[39m - [32mBanco de dados conectado com sucesso![39m
2024-04-14 12:01:00:10 - [32minfo[39m - [32mServer working on: http://localhost:3000[39m
2024-04-14 12:01:52:152 - [32minfo[39m - [32mBanco de dados conectado com sucesso![39m
2024-04-14 12:01:52:152 - [32minfo[39m - [32mServer working on: http://localhost:3000[39m
2024-04-14 12:02:02:22 - [32minfo[39m - [32mBanco de dados conectado com sucesso![39m
2024-04-14 12:02:02:22 - [32minfo[39m - [32mServer working on: http://localhost:3000[39m
2024-04-14 12:02:13:213 - [32minfo[39m - [32mBanco de dados conectado com sucesso![39m
2024-04-14 12:02:13:213 - [32minfo[39m - [32mServer working on: http://localhost:3000[39m
2024-04-14 12:03:11:311 - [32minfo[39m - [32mBanco de dados conectado com sucesso![39m
2024-04-14 12:03:11:311 - [32minfo[39m - [32mServer working on: http://localhost:3000[39m
2024-04-14 12:03:43:343 - [32minfo[39m - [32mBanco de dados conectado com sucesso![39m
2024-04-14 12:03:43:343 - [32minfo[39m - [32mServer working on: http://localhost:3000[39m
2024-04-14 12:03:58:358 - [32minfo[39m - [32mBanco de dados conectado com sucesso![39m
2024-04-14 12:03:58:358 - [32minfo[39m - [32mServer working on: http://localhost:3000[39m
2024-04-14 12:04:05:45 - [32minfo[39m - [32mBanco de dados conectado com sucesso![39m
2024-04-14 12:04:05:45 - [32minfo[39m - [32mServer working on: http://localhost:3000[39m
2024-04-14 12:04:13:413 - [32minfo[39m - [32mBanco de dados conectado com sucesso![39m
2024-04-14 12:04:13:413 - [32minfo[39m - [32mServer working on: http://localhost:3000[39m
2024-04-14 12:05:01:51 - [35mhttp[39m - [35mGET /api/movie/661b345b0497197f5ac03254 404 32 - 77.764 ms[39m
[35m[39m
2024-04-14 12:05:19:519 - [35mhttp[39m - [35mGET /api/movie/661b423b39c8fc1662cfe394 200 283 - 226.512 ms[39m
[35m[39m
2024-04-14 12:06:56:656 - [35mhttp[39m - [35mPOST /api/movie 201 284 - 133.193 ms[39m
[35m[39m
2024-04-14 12:08:23:823 - [35mhttp[39m - [35mPATCH /api/movie/661bf110fc3d484ccdfb3400 200 284 - 137.011 ms[39m
[35m[39m
2024-04-14 12:09:17:917 - [32minfo[39m - [32mBanco de dados conectado com sucesso![39m
2024-04-14 12:09:17:917 - [32minfo[39m - [32mServer working on: http://localhost:3000[39m
2024-04-14 12:09:24:924 - [32minfo[39m - [32mBanco de dados conectado com sucesso![39m
2024-04-14 12:09:24:924 - [32minfo[39m - [32mServer working on: http://localhost:3000[39m
2024-04-14 12:09:34:934 - [35mhttp[39m - [35mPATCH /api/movie/661bf110fc3d484ccdfb3400 422 54 - 11.361 ms[39m
[35m[39m
2024-04-14 12:09:44:944 - [35mhttp[39m - [35mPATCH /api/movie/661bf110fc3d484ccdfb3400 200 285 - 180.689 ms[39m
[35m[39m
2024-04-14 12:10:42:1042 - [32minfo[39m - [32mBanco de dados conectado com sucesso![39m
2024-04-14 12:10:42:1042 - [32minfo[39m - [32mServer working on: http://localhost:3000[39m
2024-04-14 12:11:01:111 - [32minfo[39m - [32mBanco de dados conectado com sucesso![39m
2024-04-14 12:11:01:111 - [32minfo[39m - [32mServer working on: http://localhost:3000[39m
2024-04-14 12:11:06:116 - [32minfo[39m - [32mBanco de dados conectado com sucesso![39m
2024-04-14 12:11:06:116 - [32minfo[39m - [32mServer working on: http://localhost:3000[39m
2024-04-14 12:11:09:119 - [32minfo[39m - [32mBanco de dados conectado com sucesso![39m
2024-04-14 12:11:09:119 - [32minfo[39m - [32mServer working on: http://localhost:3000[39m
2024-04-14 12:11:13:1113 - [32minfo[39m - [32mBanco de dados conectado com sucesso![39m
2024-04-14 12:11:13:1113 - [32minfo[39m - [32mServer working on: http://localhost:3000[39m
2024-04-14 12:11:37:1137 - [32minfo[39m - [32mBanco de dados conectado com sucesso![39m
2024-04-14 12:11:37:1137 - [32minfo[39m - [32mServer working on: http://localhost:3000[39m
2024-04-14 12:11:59:1159 - [32minfo[39m - [32mBanco de dados conectado com sucesso![39m
2024-04-14 12:11:59:1159 - [32minfo[39m - [32mServer working on: http://localhost:3000[39m
2024-04-14 12:12:05:125 - [32minfo[39m - [32mBanco de dados conectado com sucesso![39m
2024-04-14 12:12:05:125 - [32minfo[39m - [32mServer working on: http://localhost:3000[39m
2024-04-14 12:12:08:128 - [32minfo[39m - [32mBanco de dados conectado com sucesso![39m
2024-04-14 12:12:08:128 - [32minfo[39m - [32mServer working on: http://localhost:3000[39m
2024-04-14 12:12:09:129 - [32minfo[39m - [32mBanco de dados conectado com sucesso![39m
2024-04-14 12:12:09:129 - [32minfo[39m - [32mServer working on: http://localhost:3000[39m
2024-04-14 12:12:12:1212 - [32minfo[39m - [32mBanco de dados conectado com sucesso![39m
2024-04-14 12:12:12:1212 - [32minfo[39m - [32mServer working on: http://localhost:3000[39m
2024-04-14 12:12:25:1225 - [32minfo[39m - [32mBanco de dados conectado com sucesso![39m
2024-04-14 12:12:25:1225 - [32minfo[39m - [32mServer working on: http://localhost:3000[39m
2024-04-14 12:12:29:1229 - [32minfo[39m - [32mBanco de dados conectado com sucesso![39m
2024-04-14 12:12:29:1229 - [32minfo[39m - [32mServer working on: http://localhost:3000[39m
2024-04-14 12:12:39:1239 - [32minfo[39m - [32mBanco de dados conectado com sucesso![39m
2024-04-14 12:12:39:1239 - [32minfo[39m - [32mServer working on: http://localhost:3000[39m
2024-04-14 12:12:51:1251 - [32minfo[39m - [32mBanco de dados conectado com sucesso![39m
2024-04-14 12:12:51:1251 - [32minfo[39m - [32mServer working on: http://localhost:3000[39m
2024-04-14 12:13:00:130 - [32minfo[39m - [32mBanco de dados conectado com sucesso![39m
2024-04-14 12:13:00:130 - [32minfo[39m - [32mServer working on: http://localhost:3000[39m
2024-04-14 12:13:01:131 - [32minfo[39m - [32mBanco de dados conectado com sucesso![39m
2024-04-14 12:13:01:131 - [32minfo[39m - [32mServer working on: http://localhost:3000[39m
2024-04-14 12:13:14:1314 - [35mhttp[39m - [35mPATCH /api/movie/661bf110fc3d484ccdfb3400 422 54 - 17.545 ms[39m
[35m[39m
2024-04-14 12:13:21:1321 - [35mhttp[39m - [35mPATCH /api/movie/661bf110fc3d484ccdfb3400 200 92 - 168.804 ms[39m
[35m[39m
2024-04-14 12:13:47:1347 - [32minfo[39m - [32mBanco de dados conectado com sucesso![39m
2024-04-14 12:13:47:1347 - [32minfo[39m - [32mServer working on: http://localhost:3000[39m
2024-04-14 12:14:16:1416 - [32minfo[39m - [32mBanco de dados conectado com sucesso![39m
2024-04-14 12:14:16:1416 - [32minfo[39m - [32mServer working on: http://localhost:3000[39m
2024-04-14 12:14:22:1422 - [32minfo[39m - [32mBanco de dados conectado com sucesso![39m
2024-04-14 12:14:22:1422 - [32minfo[39m - [32mServer working on: http://localhost:3000[39m
2024-04-14 12:14:26:1426 - [32minfo[39m - [32mBanco de dados conectado com sucesso![39m
2024-04-14 12:14:26:1426 - [32minfo[39m - [32mServer working on: http://localhost:3000[39m
2024-04-14 12:14:38:1438 - [32minfo[39m - [32mBanco de dados conectado com sucesso![39m
2024-04-14 12:14:38:1438 - [32minfo[39m - [32mServer working on: http://localhost:3000[39m
2024-04-14 12:14:42:1442 - [32minfo[39m - [32mBanco de dados conectado com sucesso![39m
2024-04-14 12:14:42:1442 - [32minfo[39m - [32mServer working on: http://localhost:3000[39m
2024-04-14 12:15:00:150 - [35mhttp[39m - [35mPATCH /api/movie/661bf110fc3d484ccdfb3400 200 284 - 248.982 ms[39m
[35m[39m
